<?xml version="1.0" encoding="UTF-8"?>
<!-- Generated by org.testng.reporters.JUnitReportReporter -->
<testsuite skipped="0" hostname="LIN55000449" name="SampleClass1Test" tests="1" failures="0" timestamp="07 Oct 2018 09:43:34 GMT" time="0.004" errors="0">
  <testcase name="fnMyFirstFunction" time="0.004" classname="SampleClass1Test"/>
</testsuite> <!-- SampleClass1Test -->
