<?xml version="1.0" encoding="UTF-8"?>
<!-- Generated by org.testng.reporters.JUnitReportReporter -->
<testsuite skipped="0" hostname="LIN55000449" name="SampleClass2Test" tests="1" failures="0" timestamp="07 Oct 2018 09:43:34 GMT" time="0.000" errors="0">
  <testcase name="fnMySecondFunction" time="0.000" classname="SampleClass2Test"/>
</testsuite> <!-- SampleClass2Test -->
